

============================== 2022-09-14 08:46:48.486024 | 7bbb90c5-cff7-4201-ad22-7f6eef2760b2 ==============================
[0m08:46:48.486037 [info ] [MainThread]: Running with dbt=1.2.1
[0m08:46:48.486426 [debug] [MainThread]: running dbt with arguments {'write_json': True, 'use_colors': True, 'printer_width': 80, 'version_check': True, 'partial_parse': True, 'static_parser': True, 'profiles_dir': '/home/chandu/.dbt', 'send_anonymous_usage_stats': True, 'event_buffer_size': 100000, 'quiet': False, 'no_print': False, 'config_dir': False, 'which': 'debug', 'indirect_selection': 'eager'}
[0m08:46:48.486543 [debug] [MainThread]: Tracking: tracking
[0m08:46:48.487472 [debug] [MainThread]: Sending event: {'category': 'dbt', 'action': 'invocation', 'label': 'start', 'context': [<snowplow_tracker.self_describing_json.SelfDescribingJson object at 0x7f9a641b6c20>, <snowplow_tracker.self_describing_json.SelfDescribingJson object at 0x7f9a641b6d10>, <snowplow_tracker.self_describing_json.SelfDescribingJson object at 0x7f9a641b6ce0>]}
[0m08:46:48.960809 [debug] [MainThread]: Executing "git --help"
[0m08:46:48.962198 [debug] [MainThread]: STDOUT: "b"usage: git [--version] [--help] [-C <path>] [-c <name>=<value>]\n           [--exec-path[=<path>]] [--html-path] [--man-path] [--info-path]\n           [-p | --paginate | -P | --no-pager] [--no-replace-objects] [--bare]\n           [--git-dir=<path>] [--work-tree=<path>] [--namespace=<name>]\n           [--super-prefix=<path>] [--config-env=<name>=<envvar>]\n           <command> [<args>]\n\nThese are common Git commands used in various situations:\n\nstart a working area (see also: git help tutorial)\n   clone     Clone a repository into a new directory\n   init      Create an empty Git repository or reinitialize an existing one\n\nwork on the current change (see also: git help everyday)\n   add       Add file contents to the index\n   mv        Move or rename a file, a directory, or a symlink\n   restore   Restore working tree files\n   rm        Remove files from the working tree and from the index\n\nexamine the history and state (see also: git help revisions)\n   bisect    Use binary search to find the commit that introduced a bug\n   diff      Show changes between commits, commit and working tree, etc\n   grep      Print lines matching a pattern\n   log       Show commit logs\n   show      Show various types of objects\n   status    Show the working tree status\n\ngrow, mark and tweak your common history\n   branch    List, create, or delete branches\n   commit    Record changes to the repository\n   merge     Join two or more development histories together\n   rebase    Reapply commits on top of another base tip\n   reset     Reset current HEAD to the specified state\n   switch    Switch branches\n   tag       Create, list, delete or verify a tag object signed with GPG\n\ncollaborate (see also: git help workflows)\n   fetch     Download objects and refs from another repository\n   pull      Fetch from and integrate with another repository or a local branch\n   push      Update remote refs along with associated objects\n\n'git help -a' and 'git help -g' list available subcommands and some\nconcept guides. See 'git help <command>' or 'git help <concept>'\nto read about a specific subcommand or concept.\nSee 'git help git' for an overview of the system.\n""
[0m08:46:48.962379 [debug] [MainThread]: STDERR: "b''"
[0m08:46:48.968932 [debug] [MainThread]: Acquiring new bigquery connection "debug"
[0m08:46:48.969141 [debug] [MainThread]: Opening a new connection, currently in state init
[0m08:46:49.006283 [debug] [MainThread]: On debug: select 1 as id
[0m08:46:50.974363 [debug] [MainThread]: Sending event: {'category': 'dbt', 'action': 'invocation', 'label': 'end', 'context': [<snowplow_tracker.self_describing_json.SelfDescribingJson object at 0x7f9a43c752a0>, <snowplow_tracker.self_describing_json.SelfDescribingJson object at 0x7f9a43c76b00>, <snowplow_tracker.self_describing_json.SelfDescribingJson object at 0x7f9a43c77fa0>]}
[0m08:46:50.975024 [debug] [MainThread]: Flushing usage events
[0m08:46:52.311193 [debug] [MainThread]: Connection 'debug' was properly closed.


============================== 2022-09-14 08:47:01.425017 | c5b2a90a-0eff-44c2-a070-b1814c9e98a7 ==============================
[0m08:47:01.425029 [info ] [MainThread]: Running with dbt=1.2.1
[0m08:47:01.425355 [debug] [MainThread]: running dbt with arguments {'write_json': True, 'use_colors': True, 'printer_width': 80, 'version_check': True, 'partial_parse': True, 'static_parser': True, 'profiles_dir': '/home/chandu/.dbt', 'send_anonymous_usage_stats': True, 'event_buffer_size': 100000, 'quiet': False, 'no_print': False, 'which': 'run', 'rpc_method': 'run', 'indirect_selection': 'eager'}
[0m08:47:01.425517 [debug] [MainThread]: Tracking: tracking
[0m08:47:01.426448 [debug] [MainThread]: Sending event: {'category': 'dbt', 'action': 'invocation', 'label': 'start', 'context': [<snowplow_tracker.self_describing_json.SelfDescribingJson object at 0x7fe1a4f0b340>, <snowplow_tracker.self_describing_json.SelfDescribingJson object at 0x7fe1a4f08a30>, <snowplow_tracker.self_describing_json.SelfDescribingJson object at 0x7fe1a4f0b3d0>]}
[0m08:47:01.433549 [info ] [MainThread]: Partial parse save file not found. Starting full parse.
[0m08:47:01.433813 [debug] [MainThread]: Sending event: {'category': 'dbt', 'action': 'partial_parser', 'label': 'c5b2a90a-0eff-44c2-a070-b1814c9e98a7', 'context': [<snowplow_tracker.self_describing_json.SelfDescribingJson object at 0x7fe1a4f0b640>]}
[0m08:47:01.441827 [debug] [MainThread]: Parsing macros/etc.sql
[0m08:47:01.443611 [debug] [MainThread]: Parsing macros/adapters.sql
[0m08:47:01.458789 [debug] [MainThread]: Parsing macros/catalog.sql
[0m08:47:01.462604 [debug] [MainThread]: Parsing macros/adapters/apply_grants.sql
[0m08:47:01.464257 [debug] [MainThread]: Parsing macros/materializations/view.sql
[0m08:47:01.465966 [debug] [MainThread]: Parsing macros/materializations/copy.sql
[0m08:47:01.467753 [debug] [MainThread]: Parsing macros/materializations/snapshot.sql
[0m08:47:01.468789 [debug] [MainThread]: Parsing macros/materializations/table.sql
[0m08:47:01.471749 [debug] [MainThread]: Parsing macros/materializations/incremental.sql
[0m08:47:01.481791 [debug] [MainThread]: Parsing macros/materializations/seed.sql
[0m08:47:01.483428 [debug] [MainThread]: Parsing macros/utils/position.sql
[0m08:47:01.483793 [debug] [MainThread]: Parsing macros/utils/datediff.sql
[0m08:47:01.484558 [debug] [MainThread]: Parsing macros/utils/listagg.sql
[0m08:47:01.485223 [debug] [MainThread]: Parsing macros/utils/safe_cast.sql
[0m08:47:01.485558 [debug] [MainThread]: Parsing macros/utils/bool_or.sql
[0m08:47:01.485840 [debug] [MainThread]: Parsing macros/utils/dateadd.sql
[0m08:47:01.486254 [debug] [MainThread]: Parsing macros/utils/right.sql
[0m08:47:01.486703 [debug] [MainThread]: Parsing macros/utils/intersect.sql
[0m08:47:01.486941 [debug] [MainThread]: Parsing macros/utils/split_part.sql
[0m08:47:01.487758 [debug] [MainThread]: Parsing macros/utils/hash.sql
[0m08:47:01.488076 [debug] [MainThread]: Parsing macros/utils/escape_single_quotes.sql
[0m08:47:01.488420 [debug] [MainThread]: Parsing macros/utils/date_trunc.sql
[0m08:47:01.488762 [debug] [MainThread]: Parsing macros/utils/except.sql
[0m08:47:01.489000 [debug] [MainThread]: Parsing macros/adapters/schema.sql
[0m08:47:01.490411 [debug] [MainThread]: Parsing macros/adapters/columns.sql
[0m08:47:01.496175 [debug] [MainThread]: Parsing macros/adapters/apply_grants.sql
[0m08:47:01.504523 [debug] [MainThread]: Parsing macros/adapters/metadata.sql
[0m08:47:01.508923 [debug] [MainThread]: Parsing macros/adapters/persist_docs.sql
[0m08:47:01.511750 [debug] [MainThread]: Parsing macros/adapters/relation.sql
[0m08:47:01.520933 [debug] [MainThread]: Parsing macros/adapters/freshness.sql
[0m08:47:01.522798 [debug] [MainThread]: Parsing macros/adapters/indexes.sql
[0m08:47:01.524492 [debug] [MainThread]: Parsing macros/materializations/hooks.sql
[0m08:47:01.526884 [debug] [MainThread]: Parsing macros/materializations/configs.sql
[0m08:47:01.528372 [debug] [MainThread]: Parsing macros/materializations/tests/test.sql
[0m08:47:01.531291 [debug] [MainThread]: Parsing macros/materializations/tests/where_subquery.sql
[0m08:47:01.532562 [debug] [MainThread]: Parsing macros/materializations/tests/helpers.sql
[0m08:47:01.533672 [debug] [MainThread]: Parsing macros/materializations/snapshots/snapshot.sql
[0m08:47:01.541024 [debug] [MainThread]: Parsing macros/materializations/snapshots/snapshot_merge.sql
[0m08:47:01.542056 [debug] [MainThread]: Parsing macros/materializations/snapshots/strategies.sql
[0m08:47:01.552449 [debug] [MainThread]: Parsing macros/materializations/snapshots/helpers.sql
[0m08:47:01.560356 [debug] [MainThread]: Parsing macros/materializations/seeds/seed.sql
[0m08:47:01.564891 [debug] [MainThread]: Parsing macros/materializations/seeds/helpers.sql
[0m08:47:01.576256 [debug] [MainThread]: Parsing macros/materializations/models/view/view.sql
[0m08:47:01.579681 [debug] [MainThread]: Parsing macros/materializations/models/view/create_view_as.sql
[0m08:47:01.581102 [debug] [MainThread]: Parsing macros/materializations/models/view/create_or_replace_view.sql
[0m08:47:01.583198 [debug] [MainThread]: Parsing macros/materializations/models/view/helpers.sql
[0m08:47:01.584026 [debug] [MainThread]: Parsing macros/materializations/models/table/table.sql
[0m08:47:01.587449 [debug] [MainThread]: Parsing macros/materializations/models/table/create_table_as.sql
[0m08:47:01.589209 [debug] [MainThread]: Parsing macros/materializations/models/incremental/merge.sql
[0m08:47:01.599634 [debug] [MainThread]: Parsing macros/materializations/models/incremental/on_schema_change.sql
[0m08:47:01.609930 [debug] [MainThread]: Parsing macros/materializations/models/incremental/incremental.sql
[0m08:47:01.616114 [debug] [MainThread]: Parsing macros/materializations/models/incremental/column_helpers.sql
[0m08:47:01.619084 [debug] [MainThread]: Parsing macros/materializations/models/incremental/is_incremental.sql
[0m08:47:01.620041 [debug] [MainThread]: Parsing macros/etc/datetime.sql
[0m08:47:01.625349 [debug] [MainThread]: Parsing macros/etc/statement.sql
[0m08:47:01.628139 [debug] [MainThread]: Parsing macros/generic_test_sql/not_null.sql
[0m08:47:01.628723 [debug] [MainThread]: Parsing macros/generic_test_sql/unique.sql
[0m08:47:01.629197 [debug] [MainThread]: Parsing macros/generic_test_sql/accepted_values.sql
[0m08:47:01.630093 [debug] [MainThread]: Parsing macros/generic_test_sql/relationships.sql
[0m08:47:01.630649 [debug] [MainThread]: Parsing macros/utils/position.sql
[0m08:47:01.631310 [debug] [MainThread]: Parsing macros/utils/datediff.sql
[0m08:47:01.632126 [debug] [MainThread]: Parsing macros/utils/listagg.sql
[0m08:47:01.633513 [debug] [MainThread]: Parsing macros/utils/safe_cast.sql
[0m08:47:01.634210 [debug] [MainThread]: Parsing macros/utils/bool_or.sql
[0m08:47:01.634822 [debug] [MainThread]: Parsing macros/utils/dateadd.sql
[0m08:47:01.635580 [debug] [MainThread]: Parsing macros/utils/data_types.sql
[0m08:47:01.639136 [debug] [MainThread]: Parsing macros/utils/right.sql
[0m08:47:01.639822 [debug] [MainThread]: Parsing macros/utils/intersect.sql
[0m08:47:01.640324 [debug] [MainThread]: Parsing macros/utils/any_value.sql
[0m08:47:01.640917 [debug] [MainThread]: Parsing macros/utils/split_part.sql
[0m08:47:01.642156 [debug] [MainThread]: Parsing macros/utils/hash.sql
[0m08:47:01.642853 [debug] [MainThread]: Parsing macros/utils/length.sql
[0m08:47:01.643429 [debug] [MainThread]: Parsing macros/utils/last_day.sql
[0m08:47:01.644513 [debug] [MainThread]: Parsing macros/utils/cast_bool_to_text.sql
[0m08:47:01.645164 [debug] [MainThread]: Parsing macros/utils/replace.sql
[0m08:47:01.645986 [debug] [MainThread]: Parsing macros/utils/literal.sql
[0m08:47:01.646591 [debug] [MainThread]: Parsing macros/utils/escape_single_quotes.sql
[0m08:47:01.647233 [debug] [MainThread]: Parsing macros/utils/date_trunc.sql
[0m08:47:01.647889 [debug] [MainThread]: Parsing macros/utils/concat.sql
[0m08:47:01.648490 [debug] [MainThread]: Parsing macros/utils/except.sql
[0m08:47:01.649012 [debug] [MainThread]: Parsing macros/get_custom_name/get_custom_database.sql
[0m08:47:01.649960 [debug] [MainThread]: Parsing macros/get_custom_name/get_custom_alias.sql
[0m08:47:01.650909 [debug] [MainThread]: Parsing macros/get_custom_name/get_custom_schema.sql
[0m08:47:01.652396 [debug] [MainThread]: Parsing tests/generic/builtin.sql
[0m08:47:01.818290 [debug] [MainThread]: 1699: static parser successfully parsed example/my_second_dbt_model.sql
[0m08:47:01.826152 [debug] [MainThread]: 1699: static parser successfully parsed example/my_first_dbt_model.sql
[0m08:47:01.862809 [debug] [MainThread]: Sending event: {'category': 'dbt', 'action': 'load_project', 'label': 'c5b2a90a-0eff-44c2-a070-b1814c9e98a7', 'context': [<snowplow_tracker.self_describing_json.SelfDescribingJson object at 0x7fe1a4e3a9e0>]}
[0m08:47:01.866743 [debug] [MainThread]: Sending event: {'category': 'dbt', 'action': 'resource_counts', 'label': 'c5b2a90a-0eff-44c2-a070-b1814c9e98a7', 'context': [<snowplow_tracker.self_describing_json.SelfDescribingJson object at 0x7fe1a4f0b6a0>]}
[0m08:47:01.867085 [info ] [MainThread]: Found 2 models, 4 tests, 0 snapshots, 0 analyses, 285 macros, 0 operations, 0 seed files, 0 sources, 0 exposures, 0 metrics
[0m08:47:01.867278 [debug] [MainThread]: Sending event: {'category': 'dbt', 'action': 'runnable_timing', 'label': 'c5b2a90a-0eff-44c2-a070-b1814c9e98a7', 'context': [<snowplow_tracker.self_describing_json.SelfDescribingJson object at 0x7fe1a40bfe80>]}
[0m08:47:01.868097 [info ] [MainThread]: 
[0m08:47:01.868454 [debug] [MainThread]: Acquiring new bigquery connection "master"
[0m08:47:01.869079 [debug] [ThreadPool]: Acquiring new bigquery connection "list_silicon-badge-359710"
[0m08:47:01.869285 [debug] [ThreadPool]: Opening a new connection, currently in state init
[0m08:47:03.013041 [debug] [ThreadPool]: Acquiring new bigquery connection "list_silicon-badge-359710_dbt_dunzo"
[0m08:47:03.013674 [debug] [ThreadPool]: Opening a new connection, currently in state closed
[0m08:47:03.767943 [debug] [MainThread]: Sending event: {'category': 'dbt', 'action': 'runnable_timing', 'label': 'c5b2a90a-0eff-44c2-a070-b1814c9e98a7', 'context': [<snowplow_tracker.self_describing_json.SelfDescribingJson object at 0x7fe1a4e3b8e0>]}
[0m08:47:03.768930 [info ] [MainThread]: Concurrency: 1 threads (target='dev')
[0m08:47:03.769584 [info ] [MainThread]: 
[0m08:47:03.780646 [debug] [Thread-1 (]: Began running node model.dbt_local.my_first_dbt_model
[0m08:47:03.781333 [info ] [Thread-1 (]: 1 of 2 START table model dbt_dunzo.my_first_dbt_model .......................... [RUN]
[0m08:47:03.782310 [debug] [Thread-1 (]: Acquiring new bigquery connection "model.dbt_local.my_first_dbt_model"
[0m08:47:03.782832 [debug] [Thread-1 (]: Began compiling node model.dbt_local.my_first_dbt_model
[0m08:47:03.783319 [debug] [Thread-1 (]: Compiling model.dbt_local.my_first_dbt_model
[0m08:47:03.795117 [debug] [Thread-1 (]: Writing injected SQL for node "model.dbt_local.my_first_dbt_model"
[0m08:47:03.795904 [debug] [Thread-1 (]: finished collecting timing info
[0m08:47:03.796296 [debug] [Thread-1 (]: Began executing node model.dbt_local.my_first_dbt_model
[0m08:47:03.820210 [debug] [Thread-1 (]: Writing runtime SQL for node "model.dbt_local.my_first_dbt_model"
[0m08:47:03.820623 [debug] [Thread-1 (]: Opening a new connection, currently in state closed
[0m08:47:03.853950 [debug] [Thread-1 (]: On model.dbt_local.my_first_dbt_model: /* {"app": "dbt", "dbt_version": "1.2.1", "profile_name": "dbt_local", "target_name": "dev", "node_id": "model.dbt_local.my_first_dbt_model"} */


  create or replace table `silicon-badge-359710`.`dbt_dunzo`.`my_first_dbt_model`
  
  
  OPTIONS()
  as (
    /*
    Welcome to your first dbt model!
    Did you know that you can also configure models directly within SQL files?
    This will override configurations stated in dbt_project.yml

    Try changing "table" to "view" below
*/



with source_data as (

    select 1 as id
    union all
    select null as id

)

select *
from source_data

/*
    Uncomment the line below to remove records with null `id` values
*/

-- where id is not null
  );
  
[0m08:47:07.393054 [debug] [Thread-1 (]: finished collecting timing info
[0m08:47:07.393513 [debug] [Thread-1 (]: Sending event: {'category': 'dbt', 'action': 'run_model', 'label': 'c5b2a90a-0eff-44c2-a070-b1814c9e98a7', 'context': [<snowplow_tracker.self_describing_json.SelfDescribingJson object at 0x7fe1a4e5e9b0>]}
[0m08:47:07.393896 [info ] [Thread-1 (]: 1 of 2 OK created table model dbt_dunzo.my_first_dbt_model ..................... [[32mCREATE TABLE (2.0 rows, 0 processed)[0m in 3.61s]
[0m08:47:07.394211 [debug] [Thread-1 (]: Finished running node model.dbt_local.my_first_dbt_model
[0m08:47:07.394883 [debug] [Thread-1 (]: Began running node model.dbt_local.my_second_dbt_model
[0m08:47:07.395168 [info ] [Thread-1 (]: 2 of 2 START view model dbt_dunzo.my_second_dbt_model .......................... [RUN]
[0m08:47:07.395590 [debug] [Thread-1 (]: Acquiring new bigquery connection "model.dbt_local.my_second_dbt_model"
[0m08:47:07.395804 [debug] [Thread-1 (]: Began compiling node model.dbt_local.my_second_dbt_model
[0m08:47:07.395925 [debug] [Thread-1 (]: Compiling model.dbt_local.my_second_dbt_model
[0m08:47:07.397550 [debug] [Thread-1 (]: Writing injected SQL for node "model.dbt_local.my_second_dbt_model"
[0m08:47:07.397772 [debug] [Thread-1 (]: finished collecting timing info
[0m08:47:07.397883 [debug] [Thread-1 (]: Began executing node model.dbt_local.my_second_dbt_model
[0m08:47:07.411225 [debug] [Thread-1 (]: Writing runtime SQL for node "model.dbt_local.my_second_dbt_model"
[0m08:47:07.411547 [debug] [Thread-1 (]: Opening a new connection, currently in state closed
[0m08:47:07.444710 [debug] [Thread-1 (]: On model.dbt_local.my_second_dbt_model: /* {"app": "dbt", "dbt_version": "1.2.1", "profile_name": "dbt_local", "target_name": "dev", "node_id": "model.dbt_local.my_second_dbt_model"} */


  create or replace view `silicon-badge-359710`.`dbt_dunzo`.`my_second_dbt_model`
  OPTIONS()
  as -- Use the `ref` function to select from other models

select *
from `silicon-badge-359710`.`dbt_dunzo`.`my_first_dbt_model`
where id = 1;


[0m08:47:08.788260 [debug] [Thread-1 (]: finished collecting timing info
[0m08:47:08.788838 [debug] [Thread-1 (]: Sending event: {'category': 'dbt', 'action': 'run_model', 'label': 'c5b2a90a-0eff-44c2-a070-b1814c9e98a7', 'context': [<snowplow_tracker.self_describing_json.SelfDescribingJson object at 0x7fe195afdc30>]}
[0m08:47:08.789080 [info ] [Thread-1 (]: 2 of 2 OK created view model dbt_dunzo.my_second_dbt_model ..................... [[32mOK[0m in 1.39s]
[0m08:47:08.789367 [debug] [Thread-1 (]: Finished running node model.dbt_local.my_second_dbt_model
[0m08:47:08.790165 [debug] [MainThread]: Acquiring new bigquery connection "master"
[0m08:47:08.790456 [info ] [MainThread]: 
[0m08:47:08.790659 [info ] [MainThread]: Finished running 1 table model, 1 view model in 0 hours 0 minutes and 6.92 seconds (6.92s).
[0m08:47:08.790827 [debug] [MainThread]: Connection 'master' was properly closed.
[0m08:47:08.790917 [debug] [MainThread]: Connection 'model.dbt_local.my_second_dbt_model' was properly closed.
[0m08:47:08.797994 [info ] [MainThread]: 
[0m08:47:08.798300 [info ] [MainThread]: [32mCompleted successfully[0m
[0m08:47:08.798516 [info ] [MainThread]: 
[0m08:47:08.798696 [info ] [MainThread]: Done. PASS=2 WARN=0 ERROR=0 SKIP=0 TOTAL=2
[0m08:47:08.799087 [debug] [MainThread]: Sending event: {'category': 'dbt', 'action': 'invocation', 'label': 'end', 'context': [<snowplow_tracker.self_describing_json.SelfDescribingJson object at 0x7fe1a4e3b2b0>, <snowplow_tracker.self_describing_json.SelfDescribingJson object at 0x7fe1a4e3bb80>, <snowplow_tracker.self_describing_json.SelfDescribingJson object at 0x7fe195affc70>]}
[0m08:47:08.799459 [debug] [MainThread]: Flushing usage events
